2019-10-14 21:12:47,664 INFO  [org.jboss.modules] (main) JBoss Modules version 1.9.1.Final
2019-10-14 21:12:47,993 INFO  [org.jboss.modules] (main) JBoss Modules version 1.9.1.Final
2019-10-14 21:12:50,268 INFO  [org.jboss.msc] (main) JBoss MSC version 1.4.8.Final
2019-10-14 21:12:50,342 INFO  [org.jboss.threads] (main) JBoss Threads version 2.3.3.Final
2019-10-14 21:12:51,456 INFO  [org.jboss.as] (MSC service thread 1-2) WFLYSRV0049: WildFly Full 17.0.1.Final (WildFly Core 9.0.2.Final) starting
2019-10-14 21:12:51,475 DEBUG [org.jboss.as.config] (MSC service thread 1-2) Configured system properties:
	[Standalone] = 
	awt.toolkit = sun.awt.X11.XToolkit
	file.encoding = ANSI_X3.4-1968
	file.separator = /
	java.awt.graphicsenv = sun.awt.X11GraphicsEnvironment
	java.awt.headless = true
	java.awt.printerjob = sun.print.PSPrinterJob
	java.class.path = /opt/jboss/wildfly/jboss-modules.jar
	java.class.version = 55.0
	java.home = /usr/lib/jvm/java-11-openjdk-11.0.1.13-3.el7_6.x86_64
	java.io.tmpdir = /tmp
	java.library.path = /usr/java/packages/lib:/usr/lib64:/lib64:/lib:/usr/lib
	java.net.preferIPv4Stack = true
	java.runtime.name = OpenJDK Runtime Environment
	java.runtime.version = 11.0.1+13-LTS
	java.specification.name = Java Platform API Specification
	java.specification.vendor = Oracle Corporation
	java.specification.version = 11
	java.util.logging.manager = org.jboss.logmanager.LogManager
	java.vendor = Oracle Corporation
	java.vendor.url = http://java.oracle.com/
	java.vendor.url.bug = http://bugreport.java.com/bugreport/
	java.vendor.version = 18.9
	java.version = 11.0.1
	java.version.date = 2018-10-16
	java.vm.compressedOopsMode = 32-bit
	java.vm.info = mixed mode, sharing
	java.vm.name = OpenJDK 64-Bit Server VM
	java.vm.specification.name = Java Virtual Machine Specification
	java.vm.specification.vendor = Oracle Corporation
	java.vm.specification.version = 11
	java.vm.vendor = Oracle Corporation
	java.vm.version = 11.0.1+13-LTS
	javax.management.builder.initial = org.jboss.as.jmx.PluggableMBeanServerBuilder
	jboss.bind.address = 0.0.0.0
	jboss.bind.address.management = 0.0.0.0
	jboss.home.dir = /opt/jboss/wildfly
	jboss.host.name = 354d9a87fc79
	jboss.modules.dir = /opt/jboss/wildfly/modules
	jboss.modules.system.pkgs = org.jboss.byteman
	jboss.node.name = 354d9a87fc79
	jboss.qualified.host.name = 354d9a87fc79
	jboss.server.base.dir = /opt/jboss/wildfly/standalone
	jboss.server.config.dir = /opt/jboss/wildfly/standalone/configuration
	jboss.server.data.dir = /opt/jboss/wildfly/standalone/data
	jboss.server.deploy.dir = /opt/jboss/wildfly/standalone/data/content
	jboss.server.log.dir = /opt/jboss/wildfly/standalone/log
	jboss.server.name = 354d9a87fc79
	jboss.server.persist.config = true
	jboss.server.temp.dir = /opt/jboss/wildfly/standalone/tmp
	jdk.debug = release
	line.separator = 

	logging.configuration = file:/opt/jboss/wildfly/standalone/configuration/logging.properties
	module.path = /opt/jboss/wildfly/modules
	org.jboss.boot.log.file = /opt/jboss/wildfly/standalone/log/server.log
	org.jboss.resolver.warning = true
	os.arch = amd64
	os.name = Linux
	os.version = 4.9.184-linuxkit
	path.separator = :
	sun.arch.data.model = 64
	sun.boot.library.path = /usr/lib/jvm/java-11-openjdk-11.0.1.13-3.el7_6.x86_64/lib
	sun.cpu.endian = little
	sun.cpu.isalist = 
	sun.io.unicode.encoding = UnicodeLittle
	sun.java.command = /opt/jboss/wildfly/jboss-modules.jar -mp /opt/jboss/wildfly/modules org.jboss.as.standalone -Djboss.home.dir=/opt/jboss/wildfly -Djboss.server.base.dir=/opt/jboss/wildfly/standalone -b 0.0.0.0 -bmanagement 0.0.0.0
	sun.java.launcher = SUN_STANDARD
	sun.jnu.encoding = ANSI_X3.4-1968
	sun.management.compiler = HotSpot 64-Bit Tiered Compilers
	sun.os.patch.level = unknown
	user.country = US
	user.dir = /opt/jboss
	user.home = /opt/jboss
	user.language = en
	user.name = jboss
	user.timezone = UTC
2019-10-14 21:12:51,478 DEBUG [org.jboss.as.config] (MSC service thread 1-2) VM Arguments: -D[Standalone] -Xms64m -Xmx512m -XX:MetaspaceSize=96M -XX:MaxMetaspaceSize=256m -Djava.net.preferIPv4Stack=true -Djboss.modules.system.pkgs=org.jboss.byteman -Djava.awt.headless=true --add-exports=java.base/sun.nio.ch=ALL-UNNAMED --add-exports=jdk.unsupported/sun.misc=ALL-UNNAMED --add-exports=jdk.unsupported/sun.reflect=ALL-UNNAMED -Dorg.jboss.boot.log.file=/opt/jboss/wildfly/standalone/log/server.log -Dlogging.configuration=file:/opt/jboss/wildfly/standalone/configuration/logging.properties 
2019-10-14 21:12:51,814 INFO  [org.jboss.msc] (main) JBoss MSC version 1.4.8.Final
2019-10-14 21:12:51,910 INFO  [org.jboss.threads] (main) JBoss Threads version 2.3.3.Final
2019-10-14 21:12:52,768 INFO  [org.jboss.as] (MSC service thread 1-3) WFLYSRV0049: WildFly Full 17.0.1.Final (WildFly Core 9.0.2.Final) starting
2019-10-14 21:12:52,774 DEBUG [org.jboss.as.config] (MSC service thread 1-3) Configured system properties:
	[Standalone] = 
	awt.toolkit = sun.awt.X11.XToolkit
	file.encoding = ANSI_X3.4-1968
	file.separator = /
	java.awt.graphicsenv = sun.awt.X11GraphicsEnvironment
	java.awt.headless = true
	java.awt.printerjob = sun.print.PSPrinterJob
	java.class.path = /opt/jboss/wildfly/jboss-modules.jar
	java.class.version = 55.0
	java.home = /usr/lib/jvm/java-11-openjdk-11.0.1.13-3.el7_6.x86_64
	java.io.tmpdir = /tmp
	java.library.path = /usr/java/packages/lib:/usr/lib64:/lib64:/lib:/usr/lib
	java.net.preferIPv4Stack = true
	java.runtime.name = OpenJDK Runtime Environment
	java.runtime.version = 11.0.1+13-LTS
	java.specification.name = Java Platform API Specification
	java.specification.vendor = Oracle Corporation
	java.specification.version = 11
	java.util.logging.manager = org.jboss.logmanager.LogManager
	java.vendor = Oracle Corporation
	java.vendor.url = http://java.oracle.com/
	java.vendor.url.bug = http://bugreport.java.com/bugreport/
	java.vendor.version = 18.9
	java.version = 11.0.1
	java.version.date = 2018-10-16
	java.vm.compressedOopsMode = 32-bit
	java.vm.info = mixed mode, sharing
	java.vm.name = OpenJDK 64-Bit Server VM
	java.vm.specification.name = Java Virtual Machine Specification
	java.vm.specification.vendor = Oracle Corporation
	java.vm.specification.version = 11
	java.vm.vendor = Oracle Corporation
	java.vm.version = 11.0.1+13-LTS
	javax.management.builder.initial = org.jboss.as.jmx.PluggableMBeanServerBuilder
	jboss.bind.address = 0.0.0.0
	jboss.bind.address.management = 0.0.0.0
	jboss.home.dir = /opt/jboss/wildfly
	jboss.host.name = f54a43c9d959
	jboss.modules.dir = /opt/jboss/wildfly/modules
	jboss.modules.system.pkgs = org.jboss.byteman
	jboss.node.name = f54a43c9d959
	jboss.qualified.host.name = f54a43c9d959
	jboss.server.base.dir = /opt/jboss/wildfly/standalone
	jboss.server.config.dir = /opt/jboss/wildfly/standalone/configuration
	jboss.server.data.dir = /opt/jboss/wildfly/standalone/data
	jboss.server.deploy.dir = /opt/jboss/wildfly/standalone/data/content
	jboss.server.log.dir = /opt/jboss/wildfly/standalone/log
	jboss.server.name = f54a43c9d959
	jboss.server.persist.config = true
	jboss.server.temp.dir = /opt/jboss/wildfly/standalone/tmp
	jdk.debug = release
	line.separator = 

	logging.configuration = file:/opt/jboss/wildfly/standalone/configuration/logging.properties
	module.path = /opt/jboss/wildfly/modules
	org.jboss.boot.log.file = /opt/jboss/wildfly/standalone/log/server.log
	org.jboss.resolver.warning = true
	os.arch = amd64
	os.name = Linux
	os.version = 4.9.184-linuxkit
	path.separator = :
	sun.arch.data.model = 64
	sun.boot.library.path = /usr/lib/jvm/java-11-openjdk-11.0.1.13-3.el7_6.x86_64/lib
	sun.cpu.endian = little
	sun.cpu.isalist = 
	sun.io.unicode.encoding = UnicodeLittle
	sun.java.command = /opt/jboss/wildfly/jboss-modules.jar -mp /opt/jboss/wildfly/modules org.jboss.as.standalone -Djboss.home.dir=/opt/jboss/wildfly -Djboss.server.base.dir=/opt/jboss/wildfly/standalone -b 0.0.0.0 -bmanagement 0.0.0.0
	sun.java.launcher = SUN_STANDARD
	sun.jnu.encoding = ANSI_X3.4-1968
	sun.management.compiler = HotSpot 64-Bit Tiered Compilers
	sun.os.patch.level = unknown
	user.country = US
	user.dir = /opt/jboss
	user.home = /opt/jboss
	user.language = en
	user.name = jboss
	user.timezone = UTC
2019-10-14 21:12:52,783 DEBUG [org.jboss.as.config] (MSC service thread 1-3) VM Arguments: -D[Standalone] -Xms64m -Xmx512m -XX:MetaspaceSize=96M -XX:MaxMetaspaceSize=256m -Djava.net.preferIPv4Stack=true -Djboss.modules.system.pkgs=org.jboss.byteman -Djava.awt.headless=true --add-exports=java.base/sun.nio.ch=ALL-UNNAMED --add-exports=jdk.unsupported/sun.misc=ALL-UNNAMED --add-exports=jdk.unsupported/sun.reflect=ALL-UNNAMED -Dorg.jboss.boot.log.file=/opt/jboss/wildfly/standalone/log/server.log -Dlogging.configuration=file:/opt/jboss/wildfly/standalone/configuration/logging.properties 
2019-10-14 21:12:58,130 INFO  [org.wildfly.security] (ServerService Thread Pool -- 28) ELY00001: WildFly Elytron version 1.9.1.Final
2019-10-14 21:12:58,871 INFO  [org.wildfly.security] (ServerService Thread Pool -- 28) ELY00001: WildFly Elytron version 1.9.1.Final
2019-10-14 21:13:01,097 INFO  [org.jboss.as.controller.management-deprecated] (Controller Boot Thread) WFLYCTL0028: Attribute 'security-realm' in the resource at address '/core-service=management/management-interface=http-interface' is deprecated, and may be removed in a future version. See the attribute description in the output of the read-resource-description operation to learn more about the deprecation.
2019-10-14 21:13:01,278 INFO  [org.jboss.as.controller.management-deprecated] (ServerService Thread Pool -- 34) WFLYCTL0028: Attribute 'security-realm' in the resource at address '/subsystem=undertow/server=default-server/https-listener=https' is deprecated, and may be removed in a future version. See the attribute description in the output of the read-resource-description operation to learn more about the deprecation.
2019-10-14 21:13:01,691 INFO  [org.jboss.as.server] (Controller Boot Thread) WFLYSRV0039: Creating http management service using socket-binding (management-http)
2019-10-14 21:13:01,786 INFO  [org.xnio] (MSC service thread 1-6) XNIO version 3.7.2.Final
2019-10-14 21:13:01,855 INFO  [org.xnio.nio] (MSC service thread 1-6) XNIO NIO Implementation Version 3.7.2.Final
2019-10-14 21:13:02,476 INFO  [org.jboss.as.clustering.infinispan] (ServerService Thread Pool -- 51) WFLYCLINF0001: Activating Infinispan subsystem.
2019-10-14 21:13:02,654 INFO  [org.jboss.as.connector.subsystems.datasources] (ServerService Thread Pool -- 43) WFLYJCA0004: Deploying JDBC-compliant driver class org.h2.Driver (version 1.4)
2019-10-14 21:13:02,888 INFO  [org.jboss.as.naming] (ServerService Thread Pool -- 64) WFLYNAM0001: Activating Naming Subsystem
2019-10-14 21:13:02,843 WARN  [org.jboss.as.txn] (ServerService Thread Pool -- 72) WFLYTX0013: The node-identifier attribute on the /subsystem=transactions is set to the default value. This is a danger for environments running multiple servers. Please make sure the attribute value is unique.
2019-10-14 21:13:02,974 INFO  [org.wildfly.extension.microprofile.opentracing] (ServerService Thread Pool -- 63) WFLYTRACEXT0001: Activating MicroProfile OpenTracing Subsystem
2019-10-14 21:13:02,974 INFO  [org.wildfly.extension.io] (ServerService Thread Pool -- 52) WFLYIO001: Worker 'default' has auto-configured to 6 core threads with 48 task threads based on your 3 available processors
2019-10-14 21:13:03,021 INFO  [org.wildfly.extension.microprofile.health.smallrye] (ServerService Thread Pool -- 61) WFLYHEALTH0001: Activating Eclipse MicroProfile Health Subsystem
2019-10-14 21:13:02,947 INFO  [org.jboss.as.webservices] (ServerService Thread Pool -- 74) WFLYWS0002: Activating WebServices Extension
2019-10-14 21:13:02,974 INFO  [org.jboss.as.security] (ServerService Thread Pool -- 70) WFLYSEC0002: Activating Security Subsystem
2019-10-14 21:13:02,855 INFO  [org.wildfly.extension.microprofile.config.smallrye._private] (ServerService Thread Pool -- 60) WFLYCONF0001: Activating WildFly MicroProfile Config Subsystem
2019-10-14 21:13:03,141 INFO  [org.jboss.as.jaxrs] (ServerService Thread Pool -- 53) WFLYRS0016: RESTEasy version 3.7.0.Final
2019-10-14 21:13:03,433 INFO  [org.jboss.as.controller.management-deprecated] (Controller Boot Thread) WFLYCTL0028: Attribute 'security-realm' in the resource at address '/core-service=management/management-interface=http-interface' is deprecated, and may be removed in a future version. See the attribute description in the output of the read-resource-description operation to learn more about the deprecation.
2019-10-14 21:13:02,782 INFO  [org.jboss.remoting] (MSC service thread 1-4) JBoss Remoting version 5.0.12.Final
2019-10-14 21:13:02,779 INFO  [org.jboss.as.jsf] (ServerService Thread Pool -- 58) WFLYJSF0007: Activated the following JSF Implementations: [main]
2019-10-14 21:13:03,653 INFO  [org.wildfly.extension.undertow] (MSC service thread 1-3) WFLYUT0003: Undertow 2.0.21.Final starting
2019-10-14 21:13:03,616 INFO  [org.wildfly.extension.microprofile.metrics.smallrye] (ServerService Thread Pool -- 62) WFLYMETRICS0001: Activating Eclipse MicroProfile Metrics Subsystem
2019-10-14 21:13:03,811 INFO  [org.jboss.as.controller.management-deprecated] (ServerService Thread Pool -- 3) WFLYCTL0028: Attribute 'security-realm' in the resource at address '/subsystem=undertow/server=default-server/https-listener=https' is deprecated, and may be removed in a future version. See the attribute description in the output of the read-resource-description operation to learn more about the deprecation.
2019-10-14 21:13:03,653 INFO  [org.jboss.as.security] (MSC service thread 1-2) WFLYSEC0001: Current PicketBox version=5.0.3.Final
2019-10-14 21:13:03,800 INFO  [org.jboss.as.connector] (MSC service thread 1-6) WFLYJCA0009: Starting JCA Subsystem (WildFly/IronJacamar 1.4.16.Final)
2019-10-14 21:13:03,872 INFO  [org.jboss.as.naming] (MSC service thread 1-1) WFLYNAM0003: Starting Naming Service
2019-10-14 21:13:04,133 INFO  [org.jboss.as.server] (Controller Boot Thread) WFLYSRV0039: Creating http management service using socket-binding (management-http)
2019-10-14 21:13:04,243 INFO  [org.jboss.as.connector.deployers.jdbc] (MSC service thread 1-6) WFLYJCA0018: Started Driver service with driver-name = h2
2019-10-14 21:13:04,251 INFO  [org.xnio] (MSC service thread 1-1) XNIO version 3.7.2.Final
2019-10-14 21:13:04,333 INFO  [org.xnio.nio] (MSC service thread 1-1) XNIO NIO Implementation Version 3.7.2.Final
2019-10-14 21:13:04,390 INFO  [org.jboss.as.mail.extension] (MSC service thread 1-2) WFLYMAIL0001: Bound mail session [java:jboss/mail/Default]
2019-10-14 21:13:04,684 INFO  [org.jboss.remoting] (MSC service thread 1-4) JBoss Remoting version 5.0.12.Final
2019-10-14 21:13:04,790 INFO  [io.smallrye.metrics] (MSC service thread 1-1) Converted [2] config entries and added [4] replacements
2019-10-14 21:13:04,867 INFO  [org.jboss.as.clustering.infinispan] (ServerService Thread Pool -- 51) WFLYCLINF0001: Activating Infinispan subsystem.
2019-10-14 21:13:04,887 INFO  [io.smallrye.metrics] (MSC service thread 1-1) Converted [3] config entries and added [18] replacements
2019-10-14 21:13:04,984 INFO  [org.wildfly.extension.microprofile.config.smallrye._private] (ServerService Thread Pool -- 60) WFLYCONF0001: Activating WildFly MicroProfile Config Subsystem
2019-10-14 21:13:04,881 INFO  [org.jboss.as.connector.subsystems.datasources] (ServerService Thread Pool -- 43) WFLYJCA0004: Deploying JDBC-compliant driver class org.h2.Driver (version 1.4)
2019-10-14 21:13:05,006 INFO  [org.jboss.as.naming] (ServerService Thread Pool -- 64) WFLYNAM0001: Activating Naming Subsystem
2019-10-14 21:13:05,543 INFO  [org.jboss.as.ejb3] (MSC service thread 1-2) WFLYEJB0482: Strict pool mdb-strict-max-pool is using a max instance size of 12 (per class), which is derived from the number of CPUs on this host.
2019-10-14 21:13:05,525 INFO  [org.jboss.as.ejb3] (MSC service thread 1-4) WFLYEJB0481: Strict pool slsb-strict-max-pool is using a max instance size of 48 (per class), which is derived from thread worker pool sizing.
2019-10-14 21:13:05,585 INFO  [org.wildfly.extension.undertow] (ServerService Thread Pool -- 73) WFLYUT0014: Creating file handler for path '/opt/jboss/wildfly/welcome-content' with options [directory-listing: 'false', follow-symlink: 'false', case-sensitive: 'true', safe-symlink-paths: '[]']
2019-10-14 21:13:05,507 INFO  [org.jboss.as.security] (ServerService Thread Pool -- 70) WFLYSEC0002: Activating Security Subsystem
2019-10-14 21:13:05,678 INFO  [org.wildfly.extension.microprofile.opentracing] (ServerService Thread Pool -- 63) WFLYTRACEXT0001: Activating MicroProfile OpenTracing Subsystem
2019-10-14 21:13:05,678 INFO  [org.wildfly.extension.microprofile.health.smallrye] (ServerService Thread Pool -- 61) WFLYHEALTH0001: Activating Eclipse MicroProfile Health Subsystem
2019-10-14 21:13:05,781 INFO  [org.wildfly.extension.undertow] (MSC service thread 1-2) WFLYUT0012: Started server default-server.
2019-10-14 21:13:05,476 INFO  [org.jboss.as.connector] (MSC service thread 1-6) WFLYJCA0009: Starting JCA Subsystem (WildFly/IronJacamar 1.4.16.Final)
2019-10-14 21:13:05,576 WARN  [org.jboss.as.txn] (ServerService Thread Pool -- 72) WFLYTX0013: The node-identifier attribute on the /subsystem=transactions is set to the default value. This is a danger for environments running multiple servers. Please make sure the attribute value is unique.
2019-10-14 21:13:05,520 INFO  [org.jboss.as.connector.deployers.jdbc] (MSC service thread 1-3) WFLYJCA0018: Started Driver service with driver-name = h2
2019-10-14 21:13:05,856 INFO  [org.wildfly.extension.microprofile.metrics.smallrye] (ServerService Thread Pool -- 62) WFLYMETRICS0001: Activating Eclipse MicroProfile Metrics Subsystem
2019-10-14 21:13:05,278 INFO  [org.jboss.as.jsf] (ServerService Thread Pool -- 58) WFLYJSF0007: Activated the following JSF Implementations: [main]
2019-10-14 21:13:05,924 INFO  [org.wildfly.extension.undertow] (MSC service thread 1-2) WFLYUT0018: Host default-host starting
2019-10-14 21:13:05,679 INFO  [org.wildfly.extension.io] (ServerService Thread Pool -- 52) WFLYIO001: Worker 'default' has auto-configured to 6 core threads with 48 task threads based on your 3 available processors
2019-10-14 21:13:05,536 INFO  [org.jboss.as.jaxrs] (ServerService Thread Pool -- 53) WFLYRS0016: RESTEasy version 3.7.0.Final
2019-10-14 21:13:06,058 INFO  [org.jboss.as.webservices] (ServerService Thread Pool -- 74) WFLYWS0002: Activating WebServices Extension
2019-10-14 21:13:06,078 INFO  [org.jboss.as.naming] (MSC service thread 1-1) WFLYNAM0003: Starting Naming Service
2019-10-14 21:13:06,386 INFO  [io.smallrye.metrics] (MSC service thread 1-2) Converted [2] config entries and added [4] replacements
2019-10-14 21:13:06,262 INFO  [org.jboss.as.security] (MSC service thread 1-3) WFLYSEC0001: Current PicketBox version=5.0.3.Final
2019-10-14 21:13:06,392 INFO  [org.wildfly.extension.undertow] (MSC service thread 1-1) WFLYUT0003: Undertow 2.0.21.Final starting
2019-10-14 21:13:06,485 INFO  [io.smallrye.metrics] (MSC service thread 1-2) Converted [3] config entries and added [18] replacements
2019-10-14 21:13:06,537 INFO  [org.wildfly.extension.undertow] (MSC service thread 1-5) WFLYUT0006: Undertow HTTP listener default listening on 0.0.0.0:8080
2019-10-14 21:13:06,445 INFO  [org.jboss.as.mail.extension] (MSC service thread 1-6) WFLYMAIL0001: Bound mail session [java:jboss/mail/Default]
2019-10-14 21:13:07,073 INFO  [org.jboss.as.ejb3] (MSC service thread 1-1) WFLYEJB0493: EJB subsystem suspension complete
2019-10-14 21:13:07,112 INFO  [org.wildfly.extension.undertow] (ServerService Thread Pool -- 73) WFLYUT0014: Creating file handler for path '/opt/jboss/wildfly/welcome-content' with options [directory-listing: 'false', follow-symlink: 'false', case-sensitive: 'true', safe-symlink-paths: '[]']
2019-10-14 21:13:07,223 INFO  [org.jboss.as.ejb3] (MSC service thread 1-2) WFLYEJB0481: Strict pool slsb-strict-max-pool is using a max instance size of 48 (per class), which is derived from thread worker pool sizing.
2019-10-14 21:13:07,245 INFO  [org.wildfly.extension.undertow] (MSC service thread 1-2) WFLYUT0012: Started server default-server.
2019-10-14 21:13:07,257 INFO  [org.jboss.as.ejb3] (MSC service thread 1-3) WFLYEJB0482: Strict pool mdb-strict-max-pool is using a max instance size of 12 (per class), which is derived from the number of CPUs on this host.
2019-10-14 21:13:07,268 INFO  [org.wildfly.extension.undertow] (MSC service thread 1-2) WFLYUT0018: Host default-host starting
2019-10-14 21:13:07,333 INFO  [org.jboss.as.connector.subsystems.datasources] (MSC service thread 1-6) WFLYJCA0001: Bound data source [java:jboss/datasources/ExampleDS]
2019-10-14 21:13:07,529 INFO  [org.jboss.as.patching] (MSC service thread 1-5) WFLYPAT0050: WildFly Full cumulative patch ID is: base, one-off patches include: none
2019-10-14 21:13:07,560 WARN  [org.jboss.as.domain.management.security] (MSC service thread 1-4) WFLYDM0111: Keystore /opt/jboss/wildfly/standalone/configuration/application.keystore not found, it will be auto generated on first use with a self signed certificate for host localhost
2019-10-14 21:13:07,600 INFO  [org.wildfly.extension.undertow] (MSC service thread 1-2) WFLYUT0006: Undertow HTTP listener default listening on 0.0.0.0:8080
2019-10-14 21:13:07,657 INFO  [org.jboss.as.server.deployment.scanner] (MSC service thread 1-6) WFLYDS0013: Started FileSystemDeploymentService for directory /opt/jboss/wildfly/standalone/deployments
2019-10-14 21:13:07,897 INFO  [org.wildfly.extension.undertow] (MSC service thread 1-2) WFLYUT0006: Undertow HTTPS listener https listening on 0.0.0.0:8443
2019-10-14 21:13:08,021 INFO  [org.jboss.as.ejb3] (MSC service thread 1-3) WFLYEJB0493: EJB subsystem suspension complete
2019-10-14 21:13:08,122 INFO  [org.jboss.ws.common.management] (MSC service thread 1-4) JBWS022052: Starting JBossWS 5.3.0.Final (Apache CXF 3.3.2) 
2019-10-14 21:13:08,376 INFO  [org.jboss.as.connector.subsystems.datasources] (MSC service thread 1-6) WFLYJCA0001: Bound data source [java:jboss/datasources/ExampleDS]
2019-10-14 21:13:08,720 INFO  [org.jboss.as.server] (Controller Boot Thread) WFLYSRV0212: Resuming server
2019-10-14 21:13:08,728 INFO  [org.jboss.as] (Controller Boot Thread) WFLYSRV0060: Http management interface listening on http://0.0.0.0:9990/management
2019-10-14 21:13:08,730 INFO  [org.jboss.as] (Controller Boot Thread) WFLYSRV0051: Admin console listening on http://0.0.0.0:9990
2019-10-14 21:13:08,730 INFO  [org.jboss.as] (Controller Boot Thread) WFLYSRV0025: WildFly Full 17.0.1.Final (WildFly Core 9.0.2.Final) started in 22938ms - Started 314 of 576 services (369 services are lazy, passive or on-demand)
2019-10-14 21:13:08,804 INFO  [org.jboss.as.patching] (MSC service thread 1-5) WFLYPAT0050: WildFly Full cumulative patch ID is: base, one-off patches include: none
2019-10-14 21:13:08,834 WARN  [org.jboss.as.domain.management.security] (MSC service thread 1-1) WFLYDM0111: Keystore /opt/jboss/wildfly/standalone/configuration/application.keystore not found, it will be auto generated on first use with a self signed certificate for host localhost
2019-10-14 21:13:08,855 INFO  [org.jboss.as.server.deployment.scanner] (MSC service thread 1-4) WFLYDS0013: Started FileSystemDeploymentService for directory /opt/jboss/wildfly/standalone/deployments
2019-10-14 21:13:08,961 INFO  [org.wildfly.extension.undertow] (MSC service thread 1-1) WFLYUT0006: Undertow HTTPS listener https listening on 0.0.0.0:8443
2019-10-14 21:13:09,045 INFO  [org.jboss.ws.common.management] (MSC service thread 1-3) JBWS022052: Starting JBossWS 5.3.0.Final (Apache CXF 3.3.2) 
2019-10-14 21:13:09,188 INFO  [org.jboss.as.server] (Controller Boot Thread) WFLYSRV0212: Resuming server
2019-10-14 21:13:09,195 INFO  [org.jboss.as] (Controller Boot Thread) WFLYSRV0060: Http management interface listening on http://0.0.0.0:9990/management
2019-10-14 21:13:09,195 INFO  [org.jboss.as] (Controller Boot Thread) WFLYSRV0051: Admin console listening on http://0.0.0.0:9990
2019-10-14 21:13:09,195 INFO  [org.jboss.as] (Controller Boot Thread) WFLYSRV0025: WildFly Full 17.0.1.Final (WildFly Core 9.0.2.Final) started in 24889ms - Started 314 of 576 services (369 services are lazy, passive or on-demand)
